<?xml version="1.0" encoding="UTF-8"?>
<testsuite name="com.synaptik.resource.TaskResourceTest" tests="2" skipped="0" failures="0" errors="0" timestamp="2025-07-26T13:59:54.648Z" hostname="Roudranils-Mac-mini.local" time="0.515">
  <properties/>
  <testcase name="testHealthEndpoint()" classname="com.synaptik.resource.TaskResourceTest" time="0.479"/>
  <testcase name="testGetAllTasks()" classname="com.synaptik.resource.TaskResourceTest" time="0.036"/>
  <system-out><![CDATA[09:59:54 INFO  [or.hi.va.in.ut.Version] (Test worker) HV000001: Hibernate Validator 9.0.1.Final
09:59:54 WARN  [io.qu.config] (Test worker) Unrecognized configuration key "quarkus.mcp.server.version" was provided; it will be ignored; verify that the dependency extension for this configuration is set or that you did not make a typo
09:59:54 WARN  [io.qu.config] (Test worker) Unrecognized configuration key "quarkus.mcp.server.name" was provided; it will be ignored; verify that the dependency extension for this configuration is set or that you did not make a typo
09:59:54 WARN  [io.qu.config] (Test worker) Unrecognized configuration key "quarkus.mcp.server.description" was provided; it will be ignored; verify that the dependency extension for this configuration is set or that you did not make a typo
09:59:54 INFO  [io.qu.mc.server] (executor-thread-1) MCP HTTP transport endpoints [streamable: http://localhost:8081/mcp, SSE: http://localhost:8081/mcp/sse]
09:59:54 INFO  [io.quarkus] (Test worker) synaptik-server 1.0.0 on JVM (powered by Quarkus 3.24.5) started in 2.618s. Listening on: http://localhost:8081
09:59:54 INFO  [io.quarkus] (Test worker) Profile test activated. 
09:59:54 INFO  [io.quarkus] (Test worker) Installed features: [cdi, compose, hibernate-validator, mcp-server-sse, micrometer, mongodb-client, mongodb-panache, narayana-jta, rest, rest-jackson, smallrye-context-propagation, smallrye-health, smallrye-openapi, swagger-ui, vertx]
09:59:55 INFO  [or.mo.dr.client] (executor-thread-1) MongoClient with metadata {"driver": {"name": "mongo-java-driver|reactive-streams", "version": "5.5.1"}, "os": {"type": "Darwin", "name": "Mac OS X", "architecture": "aarch64", "version": "15.5"}, "platform": "Java/Eclipse Adoptium/21.0.8+9-LTS"} created with settings MongoClientSettings{readPreference=primary, writeConcern=WriteConcern{w=null, wTimeout=null ms, journal=true}, retryWrites=false, retryReads=true, readConcern=ReadConcern{level=null}, credential=null, transportSettings=NettyTransportSettings{eventLoopGroup=io.netty.channel.nio.NioEventLoopGroup@73a4c6b6, socketChannelClass=class io.netty.channel.socket.nio.NioSocketChannel, allocator=PooledByteBufAllocator(directByDefault: true), sslContext=null}, commandListeners=[], codecRegistry=ProvidersCodecRegistry{codecProviders=[ProvidersCodecRegistry{codecProviders=[ValueCodecProvider{}, BsonValueCodecProvider{}, DBRefCodecProvider{}, DBObjectCodecProvider{}, DocumentCodecProvider{}, CollectionCodecProvider{}, IterableCodecProvider{}, MapCodecProvider{}, GeoJsonCodecProvider{}, GridFSFileCodecProvider{}, Jsr310CodecProvider{}, JsonObjectCodecProvider{}, BsonCodecProvider{}, EnumCodecProvider{}, com.mongodb.client.model.mql.ExpressionCodecProvider@4696b46b, com.mongodb.Jep395RecordCodecProvider@6beb3265, com.mongodb.KotlinCodecProvider@83f1480]}, ProvidersCodecRegistry{codecProviders=[org.bson.codecs.pojo.PojoCodecProvider@5d7bf247]}]}, loggerSettings=LoggerSettings{maxDocumentLength=1000}, clusterSettings={hosts=[localhost:62841], srvServiceName=mongodb, mode=SINGLE, requiredClusterType=UNKNOWN, requiredReplicaSetName='null', serverSelector='null', clusterListeners='[]', serverSelectionTimeout='30000 ms', localThreshold='15 ms'}, socketSettings=SocketSettings{connectTimeoutMS=10000, readTimeoutMS=0, receiveBufferSize=0, proxySettings=ProxySettings{host=null, port=null, username=null, password=null}}, heartbeatSocketSettings=SocketSettings{connectTimeoutMS=10000, readTimeoutMS=10000, receiveBufferSize=0, proxySettings=ProxySettings{host=null, port=null, username=null, password=null}}, connectionPoolSettings=ConnectionPoolSettings{maxSize=100, minSize=0, maxWaitTimeMS=120000, maxConnectionLifeTimeMS=0, maxConnectionIdleTimeMS=0, maintenanceInitialDelayMS=0, maintenanceFrequencyMS=60000, connectionPoolListeners=[], maxConnecting=2}, serverSettings=ServerSettings{heartbeatFrequencyMS=10000, minHeartbeatFrequencyMS=500, serverMonitoringMode=AUTO, serverListeners='[]', serverMonitorListeners='[]'}, sslSettings=SslSettings{enabled=false, invalidHostNameAllowed=false, context=null}, applicationName='null', compressorList=[], uuidRepresentation=UNSPECIFIED, serverApi=null, autoEncryptionSettings=null, dnsClient=null, inetAddressResolver=null, contextProvider=null, timeoutMS=null}
09:59:55 INFO  [or.mo.dr.cluster] (cluster-ClusterId{value='6884df5bc262822c39c70f8f', description='null'}-localhost:62841) Monitor thread successfully connected to server with description ServerDescription{address=localhost:62841, type=REPLICA_SET_PRIMARY, cryptd=false, state=CONNECTED, ok=true, minWireVersion=0, maxWireVersion=21, maxDocumentSize=16777216, logicalSessionTimeoutMinutes=30, roundTripTimeNanos=8922542, minRoundTripTimeNanos=0, setName='docker-rs', canonicalAddress=67def968999b:27017, hosts=[67def968999b:27017], passives=[], arbiters=[], primary='67def968999b:27017', tagSet=TagSet{[]}, electionId=7fffffff0000000000000001, setVersion=1, topologyVersion=TopologyVersion{processId=6884df5998b6ff95d53d5e3d, counter=6}, lastWriteDate=Sat Jul 26 09:59:53 EDT 2025, lastUpdateTimeNanos=52431344357083}
09:59:55 INFO  [or.mo.dr.client] (executor-thread-2) MongoClient with metadata {"driver": {"name": "mongo-java-driver|sync", "version": "5.5.1"}, "os": {"type": "Darwin", "name": "Mac OS X", "architecture": "aarch64", "version": "15.5"}, "platform": "Java/Eclipse Adoptium/21.0.8+9-LTS"} created with settings MongoClientSettings{readPreference=primary, writeConcern=WriteConcern{w=null, wTimeout=null ms, journal=true}, retryWrites=false, retryReads=true, readConcern=ReadConcern{level=null}, credential=null, transportSettings=null, commandListeners=[], codecRegistry=ProvidersCodecRegistry{codecProviders=[ProvidersCodecRegistry{codecProviders=[ValueCodecProvider{}, BsonValueCodecProvider{}, DBRefCodecProvider{}, DBObjectCodecProvider{}, DocumentCodecProvider{}, CollectionCodecProvider{}, IterableCodecProvider{}, MapCodecProvider{}, GeoJsonCodecProvider{}, GridFSFileCodecProvider{}, Jsr310CodecProvider{}, JsonObjectCodecProvider{}, BsonCodecProvider{}, EnumCodecProvider{}, com.mongodb.client.model.mql.ExpressionCodecProvider@4696b46b, com.mongodb.Jep395RecordCodecProvider@6beb3265, com.mongodb.KotlinCodecProvider@83f1480]}, ProvidersCodecRegistry{codecProviders=[org.bson.codecs.pojo.PojoCodecProvider@3beb64c]}]}, loggerSettings=LoggerSettings{maxDocumentLength=1000}, clusterSettings={hosts=[localhost:62841], srvServiceName=mongodb, mode=SINGLE, requiredClusterType=UNKNOWN, requiredReplicaSetName='null', serverSelector='null', clusterListeners='[]', serverSelectionTimeout='30000 ms', localThreshold='15 ms'}, socketSettings=SocketSettings{connectTimeoutMS=10000, readTimeoutMS=0, receiveBufferSize=0, proxySettings=ProxySettings{host=null, port=null, username=null, password=null}}, heartbeatSocketSettings=SocketSettings{connectTimeoutMS=10000, readTimeoutMS=10000, receiveBufferSize=0, proxySettings=ProxySettings{host=null, port=null, username=null, password=null}}, connectionPoolSettings=ConnectionPoolSettings{maxSize=100, minSize=0, maxWaitTimeMS=120000, maxConnectionLifeTimeMS=0, maxConnectionIdleTimeMS=0, maintenanceInitialDelayMS=0, maintenanceFrequencyMS=60000, connectionPoolListeners=[], maxConnecting=2}, serverSettings=ServerSettings{heartbeatFrequencyMS=10000, minHeartbeatFrequencyMS=500, serverMonitoringMode=AUTO, serverListeners='[]', serverMonitorListeners='[]'}, sslSettings=SslSettings{enabled=false, invalidHostNameAllowed=false, context=null}, applicationName='null', compressorList=[], uuidRepresentation=UNSPECIFIED, serverApi=null, autoEncryptionSettings=null, dnsClient=null, inetAddressResolver=null, contextProvider=null, timeoutMS=null}
09:59:55 INFO  [or.mo.dr.cluster] (cluster-ClusterId{value='6884df5bc262822c39c70f90', description='null'}-localhost:62841) Monitor thread successfully connected to server with description ServerDescription{address=localhost:62841, type=REPLICA_SET_PRIMARY, cryptd=false, state=CONNECTED, ok=true, minWireVersion=0, maxWireVersion=21, maxDocumentSize=16777216, logicalSessionTimeoutMinutes=30, roundTripTimeNanos=2134333, minRoundTripTimeNanos=0, setName='docker-rs', canonicalAddress=67def968999b:27017, hosts=[67def968999b:27017], passives=[], arbiters=[], primary='67def968999b:27017', tagSet=TagSet{[]}, electionId=7fffffff0000000000000001, setVersion=1, topologyVersion=TopologyVersion{processId=6884df5998b6ff95d53d5e3d, counter=6}, lastWriteDate=Sat Jul 26 09:59:53 EDT 2025, lastUpdateTimeNanos=52431362338500}
]]></system-out>
  <system-err><![CDATA[]]></system-err>
</testsuite>
